<?xml version="1.0" encoding="UTF-8"?>
<!-- Generated by org.testng.reporters.JUnitReportReporter -->
<testsuite hostname="Bhargavi" failures="0" tests="1" name="rahulshettyacademy.tests.ErrorValidations" time="5.116" errors="0" timestamp="2024-06-10T11:27:49 IST" skipped="0">
  <testcase classname="rahulshettyacademy.tests.ErrorValidations" name="StandAloneTest2" time="5.116"/>
</testsuite> <!-- rahulshettyacademy.tests.ErrorValidations -->
