<?xml version="1.0" encoding="UTF-8"?>
<!-- Generated by org.testng.reporters.JUnitReportReporter -->
<testsuite hostname="Bhargavi" failures="0" tests="1" name="rahulshettyacademy.tests.StandAloneTest2" time="5.313" errors="0" timestamp="2024-06-08T18:41:20 IST" skipped="0">
  <testcase classname="rahulshettyacademy.tests.StandAloneTest2" name="StandAloneTest2" time="5.313"/>
</testsuite> <!-- rahulshettyacademy.tests.StandAloneTest2 -->
