<?xml version="1.0" encoding="UTF-8"?>
<!-- Generated by org.testng.reporters.JUnitReportReporter -->
<testsuite hostname="Bhargavi" failures="0" tests="2" name="rahulshettyacademy.tests.ErrorValidationsTest" time="33.656" errors="0" timestamp="2024-06-14T12:03:40 IST" skipped="0">
  <testcase classname="rahulshettyacademy.tests.ErrorValidationsTest" name="ProductErrorValidation" time="7.163"/>
  <testcase classname="rahulshettyacademy.tests.ErrorValidationsTest" name="loginErrorValidation" time="26.493"/>
</testsuite> <!-- rahulshettyacademy.tests.ErrorValidationsTest -->
