<?xml version="1.0" encoding="UTF-8"?>
<!-- Generated by org.testng.reporters.JUnitReportReporter -->
<testsuite hostname="Bhargavi" failures="0" tests="1" name="rahulshettyacademy.tests.ErrorValidationsTest" time="5.036" errors="0" timestamp="2024-06-14T13:32:20 IST" skipped="0">
  <testcase classname="rahulshettyacademy.tests.ErrorValidationsTest" name="loginErrorValidation" time="5.036"/>
</testsuite> <!-- rahulshettyacademy.tests.ErrorValidationsTest -->
